
> ixstats@0.5.0 typecheck
> tsc --noEmit

src/components/DynamicIsland/ExpandedView.tsx(37,45): error TS2322: Type '{ onClose: () => void; }' is not assignable to type 'IntrinsicAttributes & SearchViewProps'.
  Property 'onClose' does not exist on type 'IntrinsicAttributes & SearchViewProps'.
src/components/DynamicIsland/SearchView.tsx(195,34): error TS2722: Cannot invoke an object which is possibly 'undefined'.
src/components/achievements/AchievementConstellation.tsx(19,3): error TS2395: Individual declarations in merged declaration 'AchievementConstellation' must be all exported or all local.
src/components/achievements/AchievementConstellation.tsx(252,24): error TS2503: Cannot find namespace 'JSX'.
src/components/achievements/AchievementConstellation.tsx(482,14): error TS2395: Individual declarations in merged declaration 'AchievementConstellation' must be all exported or all local.
src/components/achievements/RealTimeAchievementNotifications.tsx(202,9): error TS2322: Type 'number | undefined' is not assignable to type 'number'.
  Type 'undefined' is not assignable to type 'number'.
src/components/charts/ChartShowcase.tsx(24,62): error TS2307: Cannot find module '../glass/GlassCard' or its corresponding type declarations.
src/components/charts/RechartsIntegration.tsx(62,33): error TS2339: Property 'payload' does not exist on type 'TooltipProps<any, any>'.
src/components/charts/RechartsIntegration.tsx(62,42): error TS2339: Property 'label' does not exist on type 'TooltipProps<any, any>'.
src/components/controls/InteractiveControls.tsx(250,20): error TS18048: 'clientX' is possibly 'undefined'.
src/components/controls/InteractiveControls.tsx(251,20): error TS18048: 'clientY' is possibly 'undefined'.
src/components/controls/InteractiveControls.tsx(445,7): error TS18048: 'clientPos' is possibly 'undefined'.
src/components/controls/InteractiveControls.tsx(449,33): error TS18048: 'clientPos' is possibly 'undefined'.
src/components/controls/InteractiveControls.tsx(452,51): error TS18048: 'clientPos' is possibly 'undefined'.
src/components/countries/CountriesFocusGrid.tsx(71,24): error TS18048: 'randomCountry' is possibly 'undefined'.
src/components/countries/CountriesFocusGrid.tsx(235,24): error TS2304: Cannot find name 'Command'.
src/components/countries/CountryProfileInfoBox.tsx(256,31): error TS2339: Property 'icon' does not exist on type '{ label: string; value: string | null | undefined; }'.
src/components/countries/CountryProfileInfoBox.tsx(257,33): error TS2339: Property 'icon' does not exist on type '{ label: string; value: string | null | undefined; }'.
src/components/countries/DiplomaticIntelligenceProfile.tsx(1561,180): error TS2345: Argument of type '"propose"' is not assignable to parameter of type 'SocialActionType'.
src/components/countries/EnhancedSocialCountryProfile.tsx(536,75): error TS2322: Type 'PlayerReaction[]' is not assignable to type 'ReactNode'.
  Type 'PlayerReaction[]' is not assignable to type 'Iterable<ReactNode>'.
    The types returned by '[Symbol.iterator]().next(...)' are incompatible between these types.
      Type 'IteratorResult<PlayerReaction, undefined>' is not assignable to type 'IteratorResult<ReactNode, any>'.
        Type 'IteratorYieldResult<PlayerReaction>' is not assignable to type 'IteratorResult<ReactNode, any>'.
          Type 'IteratorYieldResult<PlayerReaction>' is not assignable to type 'IteratorYieldResult<ReactNode>'.
            Type 'PlayerReaction' is not assignable to type 'ReactNode'.
src/components/countries/EnhancedSocialCountryProfile.tsx(585,39): error TS2322: Type 'DiplomaticActivity[]' is not assignable to type 'ReactNode'.
  Type 'DiplomaticActivity[]' is not assignable to type 'Iterable<ReactNode>'.
    The types returned by '[Symbol.iterator]().next(...)' are incompatible between these types.
      Type 'IteratorResult<DiplomaticActivity, undefined>' is not assignable to type 'IteratorResult<ReactNode, any>'.
        Type 'IteratorYieldResult<DiplomaticActivity>' is not assignable to type 'IteratorResult<ReactNode, any>'.
          Type 'IteratorYieldResult<DiplomaticActivity>' is not assignable to type 'IteratorYieldResult<ReactNode>'.
            Type 'DiplomaticActivity' is not assignable to type 'ReactNode'.
              Type 'DiplomaticActivity' is missing the following properties from type 'ReactPortal': children, props, key
src/components/countries/EnhancedSocialCountryProfile.tsx(642,45): error TS2551: Property 'relatedCountry' does not exist on type 'SocialActivity'. Did you mean 'relatedCountries'?
src/components/countries/EnhancedSocialCountryProfile.tsx(646,51): error TS2551: Property 'relatedCountry' does not exist on type 'SocialActivity'. Did you mean 'relatedCountries'?
src/components/countries/EnhancedSocialCountryProfile.tsx(743,55): error TS2345: Argument of type '"propose"' is not assignable to parameter of type 'SocialActionType'.
src/components/diplomatic/AdvancedSearchDiscovery.tsx(334,27): error TS18048: 'typeConfig' is possibly 'undefined'.
src/components/diplomatic/AdvancedSearchDiscovery.tsx(351,53): error TS18048: 'typeConfig' is possibly 'undefined'.
src/components/diplomatic/CulturalExchangeProgram.tsx(249,7): error TS2322: Type '(CulturalExchange | { id: string; title: string; type: "education" | "technology" | "festival" | "exhibition" | "cuisine" | "arts" | "sports" | "diplomacy"; description: string; ... 9 more ...; diplomaticOutcomes: undefined; })[]' is not assignable to type 'CulturalExchange[] | { id: string; title: string; type: "education" | "technology" | "festival" | "exhibition" | "cuisine" | "arts" | "sports" | "diplomacy"; description: string; ... 9 more ...; diplomaticOutcomes: undefined; }[]'.
  Type '(CulturalExchange | { id: string; title: string; type: "education" | "technology" | "festival" | "exhibition" | "cuisine" | "arts" | "sports" | "diplomacy"; description: string; ... 9 more ...; diplomaticOutcomes: undefined; })[]' is not assignable to type 'CulturalExchange[]'.
    Type 'CulturalExchange | { id: string; title: string; type: "education" | "technology" | "festival" | "exhibition" | "cuisine" | "arts" | "sports" | "diplomacy"; description: string; ... 9 more ...; diplomaticOutcomes: undefined; }' is not assignable to type 'CulturalExchange'.
      Type '{ id: string; title: string; type: CulturalExchange["type"]; description: string; hostCountry: { id: string; name: string; flagUrl: string | null; }; participatingCountries: { id: string; name: string; flagUrl: string | null; role: string; }[]; ... 7 more ...; diplomaticOutcomes: undefined; }' is not assignable to type 'CulturalExchange'.
        The types of 'hostCountry.flagUrl' are incompatible between these types.
          Type 'string | null' is not assignable to type 'string | undefined'.
            Type 'null' is not assignable to type 'string | undefined'.
src/components/diplomatic/CulturalExchangeProgram.tsx(253,7): error TS2322: Type '(CulturalExchange | { id: string; title: string; type: "education" | "technology" | "festival" | "exhibition" | "cuisine" | "arts" | "sports" | "diplomacy"; description: string; ... 9 more ...; diplomaticOutcomes: undefined; })[]' is not assignable to type 'CulturalExchange[] | { id: string; title: string; type: "education" | "technology" | "festival" | "exhibition" | "cuisine" | "arts" | "sports" | "diplomacy"; description: string; ... 9 more ...; diplomaticOutcomes: undefined; }[]'.
  Type '(CulturalExchange | { id: string; title: string; type: "education" | "technology" | "festival" | "exhibition" | "cuisine" | "arts" | "sports" | "diplomacy"; description: string; ... 9 more ...; diplomaticOutcomes: undefined; })[]' is not assignable to type 'CulturalExchange[]'.
    Type 'CulturalExchange | { id: string; title: string; type: "education" | "technology" | "festival" | "exhibition" | "cuisine" | "arts" | "sports" | "diplomacy"; description: string; ... 9 more ...; diplomaticOutcomes: undefined; }' is not assignable to type 'CulturalExchange'.
      Type '{ id: string; title: string; type: CulturalExchange["type"]; description: string; hostCountry: { id: string; name: string; flagUrl: string | null; }; participatingCountries: { id: string; name: string; flagUrl: string | null; role: string; }[]; ... 7 more ...; diplomaticOutcomes: undefined; }' is not assignable to type 'CulturalExchange'.
        The types of 'hostCountry.flagUrl' are incompatible between these types.
          Type 'string | null' is not assignable to type 'string | undefined'.
            Type 'null' is not assignable to type 'string | undefined'.
src/components/diplomatic/CulturalExchangeProgram.tsx(461,58): error TS2345: Argument of type 'CulturalExchange | { id: string; title: string; type: "education" | "technology" | "festival" | "exhibition" | "cuisine" | "arts" | "sports" | "diplomacy"; description: string; ... 9 more ...; diplomaticOutcomes: undefined; }' is not assignable to parameter of type 'SetStateAction<CulturalExchange | null>'.
  Type '{ id: string; title: string; type: CulturalExchange["type"]; description: string; hostCountry: { id: string; name: string; flagUrl: string | null; }; participatingCountries: { id: string; name: string; flagUrl: string | null; role: string; }[]; ... 7 more ...; diplomaticOutcomes: undefined; }' is not assignable to type 'SetStateAction<CulturalExchange | null>'.
    Type '{ id: string; title: string; type: CulturalExchange["type"]; description: string; hostCountry: { id: string; name: string; flagUrl: string | null; }; participatingCountries: { id: string; name: string; flagUrl: string | null; role: string; }[]; ... 7 more ...; diplomaticOutcomes: undefined; }' is not assignable to type 'CulturalExchange'.
      The types of 'hostCountry.flagUrl' are incompatible between these types.
        Type 'string | null' is not assignable to type 'string | undefined'.
          Type 'null' is not assignable to type 'string | undefined'.
src/components/diplomatic/CulturalExchangeProgram.tsx(573,62): error TS2345: Argument of type 'CulturalExchange | { id: string; title: string; type: "education" | "technology" | "festival" | "exhibition" | "cuisine" | "arts" | "sports" | "diplomacy"; description: string; ... 9 more ...; diplomaticOutcomes: undefined; }' is not assignable to parameter of type 'SetStateAction<CulturalExchange | null>'.
  Type '{ id: string; title: string; type: CulturalExchange["type"]; description: string; hostCountry: { id: string; name: string; flagUrl: string | null; }; participatingCountries: { id: string; name: string; flagUrl: string | null; role: string; }[]; ... 7 more ...; diplomaticOutcomes: undefined; }' is not assignable to type 'SetStateAction<CulturalExchange | null>'.
    Type '{ id: string; title: string; type: CulturalExchange["type"]; description: string; hostCountry: { id: string; name: string; flagUrl: string | null; }; participatingCountries: { id: string; name: string; flagUrl: string | null; role: string; }[]; ... 7 more ...; diplomaticOutcomes: undefined; }' is not assignable to type 'CulturalExchange'.
      The types of 'hostCountry.flagUrl' are incompatible between these types.
        Type 'string | null' is not assignable to type 'string | undefined'.
          Type 'null' is not assignable to type 'string | undefined'.
src/components/diplomatic/EmbassyNetworkVisualization.tsx(288,24): error TS2339: Property 'map' does not exist on type '{ missions: { type: string; name: string; id: string; createdAt: Date; updatedAt: Date; description: string; status: string; duration: number; embassyId: string; difficulty: string; requiredStaff: number; ... 13 more ...; ixTimeCompletes: number; }[]; ... 35 more ...; lastActivity: Date; }'.
src/components/diplomatic/SecureDiplomaticChannels.tsx(175,51): error TS18047: 'msg.to' is possibly 'null'.
src/components/diplomatic/SecureDiplomaticChannels.tsx(186,9): error TS18047: 'msg.subject' is possibly 'null'.
src/components/diplomatic/SecureDiplomaticChannels.tsx(270,23): error TS7053: Element implicitly has an 'any' type because expression of type 'string' can't be used to index type '{ readonly PUBLIC: { readonly color: "text-green-400"; readonly bg: "bg-green-500/10"; readonly border: "border-green-500/30"; }; readonly RESTRICTED: { readonly color: "text-yellow-400"; readonly bg: "bg-yellow-500/10"; readonly border: "border-yellow-500/30"; }; readonly CONFIDENTIAL: { ...; }; }'.
  No index signature with a parameter of type 'string' was found on type '{ readonly PUBLIC: { readonly color: "text-green-400"; readonly bg: "bg-green-500/10"; readonly border: "border-green-500/30"; }; readonly RESTRICTED: { readonly color: "text-yellow-400"; readonly bg: "bg-yellow-500/10"; readonly border: "border-yellow-500/30"; }; readonly CONFIDENTIAL: { ...; }; }'.
src/components/diplomatic/SecureDiplomaticChannels.tsx(271,23): error TS7053: Element implicitly has an 'any' type because expression of type 'string' can't be used to index type '{ readonly PUBLIC: { readonly color: "text-green-400"; readonly bg: "bg-green-500/10"; readonly border: "border-green-500/30"; }; readonly RESTRICTED: { readonly color: "text-yellow-400"; readonly bg: "bg-yellow-500/10"; readonly border: "border-yellow-500/30"; }; readonly CONFIDENTIAL: { ...; }; }'.
  No index signature with a parameter of type 'string' was found on type '{ readonly PUBLIC: { readonly color: "text-green-400"; readonly bg: "bg-green-500/10"; readonly border: "border-green-500/30"; }; readonly RESTRICTED: { readonly color: "text-yellow-400"; readonly bg: "bg-yellow-500/10"; readonly border: "border-yellow-500/30"; }; readonly CONFIDENTIAL: { ...; }; }'.
src/components/diplomatic/SecureDiplomaticChannels.tsx(322,23): error TS7053: Element implicitly has an 'any' type because expression of type 'string' can't be used to index type '{ readonly PUBLIC: { readonly color: "text-green-400"; readonly bg: "bg-green-500/10"; readonly border: "border-green-500/30"; }; readonly RESTRICTED: { readonly color: "text-yellow-400"; readonly bg: "bg-yellow-500/10"; readonly border: "border-yellow-500/30"; }; readonly CONFIDENTIAL: { ...; }; }'.
  No index signature with a parameter of type 'string' was found on type '{ readonly PUBLIC: { readonly color: "text-green-400"; readonly bg: "bg-green-500/10"; readonly border: "border-green-500/30"; }; readonly RESTRICTED: { readonly color: "text-yellow-400"; readonly bg: "bg-yellow-500/10"; readonly border: "border-yellow-500/30"; }; readonly CONFIDENTIAL: { ...; }; }'.
src/components/diplomatic/SecureDiplomaticChannels.tsx(323,23): error TS7053: Element implicitly has an 'any' type because expression of type 'string' can't be used to index type '{ readonly PUBLIC: { readonly color: "text-green-400"; readonly bg: "bg-green-500/10"; readonly border: "border-green-500/30"; }; readonly RESTRICTED: { readonly color: "text-yellow-400"; readonly bg: "bg-yellow-500/10"; readonly border: "border-yellow-500/30"; }; readonly CONFIDENTIAL: { ...; }; }'.
  No index signature with a parameter of type 'string' was found on type '{ readonly PUBLIC: { readonly color: "text-green-400"; readonly bg: "bg-green-500/10"; readonly border: "border-green-500/30"; }; readonly RESTRICTED: { readonly color: "text-yellow-400"; readonly bg: "bg-yellow-500/10"; readonly border: "border-yellow-500/30"; }; readonly CONFIDENTIAL: { ...; }; }'.
src/components/diplomatic/SecureDiplomaticChannels.tsx(377,39): error TS7053: Element implicitly has an 'any' type because expression of type 'string' can't be used to index type '{ readonly LOW: { readonly color: "text-gray-400"; readonly icon: "◦"; }; readonly NORMAL: { readonly color: "text-blue-400"; readonly icon: "●"; }; readonly HIGH: { readonly color: "text-orange-400"; readonly icon: "▲"; }; readonly URGENT: { ...; }; }'.
  No index signature with a parameter of type 'string' was found on type '{ readonly LOW: { readonly color: "text-gray-400"; readonly icon: "◦"; }; readonly NORMAL: { readonly color: "text-blue-400"; readonly icon: "●"; }; readonly HIGH: { readonly color: "text-orange-400"; readonly icon: "▲"; }; readonly URGENT: { ...; }; }'.
src/components/diplomatic/SecureDiplomaticChannels.tsx(378,45): error TS7053: Element implicitly has an 'any' type because expression of type 'string' can't be used to index type '{ readonly PUBLIC: { readonly color: "text-green-400"; readonly bg: "bg-green-500/10"; readonly border: "border-green-500/30"; }; readonly RESTRICTED: { readonly color: "text-yellow-400"; readonly bg: "bg-yellow-500/10"; readonly border: "border-yellow-500/30"; }; readonly CONFIDENTIAL: { ...; }; }'.
  No index signature with a parameter of type 'string' was found on type '{ readonly PUBLIC: { readonly color: "text-green-400"; readonly bg: "bg-green-500/10"; readonly border: "border-green-500/30"; }; readonly RESTRICTED: { readonly color: "text-yellow-400"; readonly bg: "bg-yellow-500/10"; readonly border: "border-yellow-500/30"; }; readonly CONFIDENTIAL: { ...; }; }'.
src/components/diplomatic/SecureDiplomaticChannels.tsx(394,41): error TS2339: Property 'flagUrl' does not exist on type '{ countryId: string; countryName: string; }'.
src/components/diplomatic/SecureDiplomaticChannels.tsx(396,49): error TS2339: Property 'flagUrl' does not exist on type '{ countryId: string; countryName: string; }'.
src/components/magicui/animated-shiny-text.tsx(1,10): error TS1484: 'ComponentPropsWithoutRef' is a type and must be imported using a type-only import when 'verbatimModuleSyntax' is enabled.
src/components/magicui/animated-shiny-text.tsx(1,36): error TS1484: 'CSSProperties' is a type and must be imported using a type-only import when 'verbatimModuleSyntax' is enabled.
src/components/magicui/animated-shiny-text.tsx(1,51): error TS1484: 'FC' is a type and must be imported using a type-only import when 'verbatimModuleSyntax' is enabled.
src/components/magicui/bento-grid.tsx(61,15): error TS2322: Type 'string' is not assignable to type 'never'.
src/components/magicui/border-beam.tsx(4,18): error TS1484: 'MotionStyle' is a type and must be imported using a type-only import when 'verbatimModuleSyntax' is enabled.
src/components/magicui/border-beam.tsx(4,31): error TS1484: 'Transition' is a type and must be imported using a type-only import when 'verbatimModuleSyntax' is enabled.
src/components/magicui/box-reveal.tsx(7,13): error TS2503: Cannot find namespace 'JSX'.
src/components/magicui/globe.tsx(3,23): error TS1484: 'COBEOptions' is a type and must be imported using a type-only import when 'verbatimModuleSyntax' is enabled.
src/components/magicui/hyper-text.tsx(4,35): error TS1484: 'MotionProps' is a type and must be imported using a type-only import when 'verbatimModuleSyntax' is enabled.
src/components/magicui/hyper-text.tsx(74,13): error TS18048: 'entry' is possibly 'undefined'.
src/components/magicui/hyper-text.tsx(105,22): error TS2345: Argument of type '(currentText: string[]) => (string | undefined)[]' is not assignable to parameter of type 'SetStateAction<string[]>'.
  Type '(currentText: string[]) => (string | undefined)[]' is not assignable to type '(prevState: string[]) => string[]'.
    Type '(string | undefined)[]' is not assignable to type 'string[]'.
      Type 'string | undefined' is not assignable to type 'string'.
        Type 'undefined' is not assignable to type 'string'.
src/components/magicui/marquee.tsx(2,10): error TS1484: 'ComponentPropsWithoutRef' is a type and must be imported using a type-only import when 'verbatimModuleSyntax' is enabled.
src/components/magicui/number-ticker.tsx(4,10): error TS1484: 'ComponentPropsWithoutRef' is a type and must be imported using a type-only import when 'verbatimModuleSyntax' is enabled.
src/components/magicui/rainbow-button.tsx(3,15): error TS1484: 'VariantProps' is a type and must be imported using a type-only import when 'verbatimModuleSyntax' is enabled.
src/components/magicui/scroll-based-velocity.tsx(113,29): error TS18048: 'entry' is possibly 'undefined'.
src/components/magicui/sparkles-text.tsx(4,10): error TS1484: 'CSSProperties' is a type and must be imported using a type-only import when 'verbatimModuleSyntax' is enabled.
src/components/magicui/sparkles-text.tsx(4,25): error TS1484: 'ReactElement' is a type and must be imported using a type-only import when 'verbatimModuleSyntax' is enabled.
src/components/magicui/text-animate.tsx(4,35): error TS1484: 'MotionProps' is a type and must be imported using a type-only import when 'verbatimModuleSyntax' is enabled.
src/components/magicui/text-animate.tsx(4,48): error TS1484: 'Variants' is a type and must be imported using a type-only import when 'verbatimModuleSyntax' is enabled.
src/components/magicui/text-animate.tsx(5,10): error TS1484: 'ElementType' is a type and must be imported using a type-only import when 'verbatimModuleSyntax' is enabled.
src/components/modals/GdpPerCapitaDetailsModal.tsx(375,23): error TS2769: No overload matches this call.
  Overload 1 of 2, '(props: Props): XAxis', gave the following error.
    Type '(ts: any) => number' is not assignable to type '(value: any, index: number) => string'.
      Type 'number' is not assignable to type 'string'.
  Overload 2 of 2, '(props: Props, context: any): XAxis', gave the following error.
    Type '(ts: any) => number' is not assignable to type '(value: any, index: number) => string'.
      Type 'number' is not assignable to type 'string'.
src/components/modals/PopulationDetailsModal.tsx(399,25): error TS2769: No overload matches this call.
  Overload 1 of 2, '(props: Props): XAxis', gave the following error.
    Type '(ts: any) => number' is not assignable to type '(value: any, index: number) => string'.
      Type 'number' is not assignable to type 'string'.
  Overload 2 of 2, '(props: Props, context: any): XAxis', gave the following error.
    Type '(ts: any) => number' is not assignable to type '(value: any, index: number) => string'.
      Type 'number' is not assignable to type 'string'.
src/components/mycountry/MyCountryTabSystem.tsx(273,15): error TS2322: Type '{ countryId: any; countryData: { name: any; economicTier: any; currentGdpPerCapita: any; currentTotalGdp: any; currentPopulation: any; populationTier: any; populationGrowthRate: any; adjustedGdpGrowth: any; populationDensity: any; landArea: any; continent: any; region: any; }; }' is not assignable to type 'IntrinsicAttributes & LiveIntelligenceSectionProps'.
  Property 'countryData' does not exist on type 'IntrinsicAttributes & LiveIntelligenceSectionProps'. Did you mean 'countryId'?
src/components/mycountry/primitives/CountryDataProvider.tsx(3,37): error TS1484: 'ReactNode' is a type and must be imported using a type-only import when 'verbatimModuleSyntax' is enabled.
src/components/mycountry/primitives/CountryDataProvider.tsx(175,5): error TS2322: Type 'TRPCClientErrorLike<{ input: { userId: string; }; output: { userId: string; countryId: string | null; country: ({ dmInputs: { value: number; id: string; createdAt: Date; updatedAt: Date; countryId: string | null; ... 5 more ...; createdBy: string | null; }[]; } & { ...; }) | null; hasCompletedSetup: boolean; }; tran...' is not assignable to type 'string | null'.
  Type 'TRPCClientErrorLike<{ input: { userId: string; }; output: { userId: string; countryId: string | null; country: ({ dmInputs: { value: number; id: string; createdAt: Date; updatedAt: Date; countryId: string | null; ... 5 more ...; createdBy: string | null; }[]; } & { ...; }) | null; hasCompletedSetup: boolean; }; tran...' is not assignable to type 'string'.
src/components/notifications/UnifiedNotificationCenter.tsx(289,11): error TS2741: Property 'onClick' is missing in type '{ id: string; label: string; type: "primary"; }' but required in type 'NotificationAction'.
src/components/notifications/UnifiedNotificationCenter.tsx(290,11): error TS2741: Property 'onClick' is missing in type '{ id: string; label: string; type: "secondary"; }' but required in type 'NotificationAction'.
src/components/notifications/UnifiedNotificationCenter.tsx(327,11): error TS2741: Property 'onClick' is missing in type '{ id: string; label: string; type: "primary"; }' but required in type 'NotificationAction'.
src/components/notifications/UnifiedNotificationCenter.tsx(429,40): error TS2322: Type '{ children: Element; asChild: true; }' is not assignable to type 'IntrinsicAttributes & Props & RefAttributes<HTMLElement>'.
  Property 'asChild' does not exist on type 'IntrinsicAttributes & Props & RefAttributes<HTMLElement>'.
src/components/sdi/GlobalOverview.tsx(62,32): error TS2322: Type '{ children: Element[]; variant: "glass"; blur: string; glow: "hover"; className: string; }' is not assignable to type 'IntrinsicAttributes & EnhancedCardProps'.
  Property 'blur' does not exist on type 'IntrinsicAttributes & EnhancedCardProps'.
src/components/sdi/GlobalOverview.tsx(222,30): error TS18047: 'searchParams' is possibly 'null'.
src/components/sdi/GlobalOverview.tsx(468,39): error TS2322: Type '{ children: Element[]; variant: "diplomatic"; blur: string; glow: "hover"; className: string; }' is not assignable to type 'IntrinsicAttributes & EnhancedCardProps'.
  Property 'blur' does not exist on type 'IntrinsicAttributes & EnhancedCardProps'.
src/components/sdi/SecureComms.tsx(42,19): error TS2367: This comparison appears to be unintentional because the types 'StandardCategory' and '"crisis"' have no overlap.
src/components/thinkpages/RichTextEditor.tsx(386,52): error TS7006: Parameter 'emoji' implicitly has an 'any' type.
src/components/thinkpages/ThinkPagesGuide.tsx(134,49): error TS2345: Argument of type 'string | null' is not assignable to parameter of type 'SetStateAction<"about" | "tips" | "features" | null>'.
  Type 'string' is not assignable to type 'SetStateAction<"about" | "tips" | "features" | null>'.
src/components/thinkpages/ThinkpagesPost.tsx(485,15): error TS2304: Cannot find name 'onShare'.
src/components/thinkpages/ThinktankGroups.tsx(588,82): error TS2322: Type '{ className: string; title: string; }' is not assignable to type 'IntrinsicAttributes & Omit<LucideProps, "ref"> & RefAttributes<SVGSVGElement>'.
  Property 'title' does not exist on type 'IntrinsicAttributes & Omit<LucideProps, "ref"> & RefAttributes<SVGSVGElement>'.
src/components/thinkpages/ThinktankGroups.tsx(925,28): error TS2322: Type 'string | null | undefined' is not assignable to type 'string | Blob | undefined'.
  Type 'null' is not assignable to type 'string | Blob | undefined'.
src/components/thinkpages/ThinktankGroups.tsx(1119,81): error TS2345: Argument of type '(prev: { name: string; description: string; type: "public" | "private" | "invite_only"; category: string; tags: string[]; }) => { type: string; name: string; description: string; category: string; tags: string[]; }' is not assignable to parameter of type 'SetStateAction<{ name: string; description: string; type: "public" | "private" | "invite_only"; category: string; tags: string[]; }>'.
  Type '(prev: { name: string; description: string; type: "public" | "private" | "invite_only"; category: string; tags: string[]; }) => { type: string; name: string; description: string; category: string; tags: string[]; }' is not assignable to type '(prevState: { name: string; description: string; type: "public" | "private" | "invite_only"; category: string; tags: string[]; }) => { name: string; description: string; type: "public" | "private" | "invite_only"; category: string; tags: string[]; }'.
    Call signature return types '{ type: string; name: string; description: string; category: string; tags: string[]; }' and '{ name: string; description: string; type: "public" | "private" | "invite_only"; category: string; tags: string[]; }' are incompatible.
      The types of 'type' are incompatible between these types.
        Type 'string' is not assignable to type '"public" | "private" | "invite_only"'.
src/components/thinkpages/WikiImageSearch.tsx(22,93): error TS2339: Property 'useQuery' does not exist on type 'DecoratedMutation<{ input: { query: string; wiki: "ixwiki" | "iiwiki"; }; output: SearchResult[]; transformer: true; errorShape: { data: { zodError: $ZodFlattenedError<unknown, string> | null; code: "PARSE_ERROR" | ... 18 more ... | "CLIENT_CLOSED_REQUEST"; httpStatus: number; path?: string | undefined; stack?: stri...'.
src/components/thinkpages/WikiImageSearch.tsx(64,30): error TS7006: Parameter 'file' implicitly has an 'any' type.
src/components/thinkpages/WikiSearch.tsx(21,24): error TS2345: Argument of type 'SearchResult[]' is not assignable to parameter of type 'SetStateAction<{ path: string; name: string; }[]>'.
  Type 'SearchResult[]' is not assignable to type '{ path: string; name: string; }[]'.
    Type 'SearchResult' is missing the following properties from type '{ path: string; name: string; }': path, name
src/components/thinkpages/primitives/DiscordEmojiPicker.tsx(172,31): error TS2345: Argument of type 'never[] | { success: boolean; emojis: any; count: any; error?: undefined; } | { success: boolean; emojis: never[]; count: number; error: string; }' is not assignable to parameter of type 'DiscordEmoji[]'.
  Type '{ success: boolean; emojis: any; count: any; error?: undefined; }' is missing the following properties from type 'DiscordEmoji[]': length, pop, push, concat, and 29 more.
src/components/thinkpages/primitives/DiscordEmojiPicker.tsx(194,48): error TS2345: Argument of type '{ success: boolean; emojis: any; count: any; error?: undefined; } | { success: boolean; emojis: never[]; count: number; error: string; }' is not assignable to parameter of type 'DiscordEmoji[]'.
  Type '{ success: boolean; emojis: any; count: any; error?: undefined; }' is missing the following properties from type 'DiscordEmoji[]': length, pop, push, concat, and 29 more.
src/components/thinkpages/primitives/PostActions.tsx(263,19): error TS2322: Type '{ reactions: any[]; onSelectReaction: (reactionType: string) => Promise<void>; postReactionCounts: Record<string, number>; }' is not assignable to type 'IntrinsicAttributes & ReactionPopupProps'.
  Property 'reactions' does not exist on type 'IntrinsicAttributes & ReactionPopupProps'.
src/components/thinkshare/ChatArea.tsx(153,7): error TS2322: Type '"rich_text"' is not assignable to type '"file" | "system" | "text" | "image" | undefined'.
src/components/thinkshare/MessageList.tsx(93,9): error TS18046: 'indicator' is of type 'unknown'.
src/components/thinkshare/MessageList.tsx(94,9): error TS18046: 'indicator' is of type 'unknown'.
src/components/thinkshare/MessageList.tsx(126,79): error TS7006: Parameter 'p' implicitly has an 'any' type.
src/components/thinkshare/MessageList.tsx(126,100): error TS18046: 'indicator' is of type 'unknown'.
src/components/thinkshare/MessageList.tsx(131,27): error TS18046: 'indicator' is of type 'unknown'.
src/components/thinkshare/MessageList.tsx(137,55): error TS7006: Parameter 'n' implicitly has an 'any' type.
src/components/ui/3d-card.tsx(138,6): error TS2745: This JSX tag's 'children' prop expects type 'never' which requires multiple children, but only a single child was provided.
src/components/ui/3d-card.tsx(139,7): error TS2322: Type 'RefObject<HTMLDivElement | null>' is not assignable to type 'never'.
src/components/ui/3d-card.tsx(140,7): error TS2322: Type 'string' is not assignable to type 'never'.
src/components/ui/activity-modal.tsx(141,40): error TS2322: Type 'string' is not assignable to type 'never'.
src/components/ui/activity-modal.tsx(141,60): error TS2322: Type '{ color: string; }' is not assignable to type 'never'.
src/components/ui/activity-modal.tsx(240,36): error TS2322: Type 'string' is not assignable to type 'never'.
src/components/ui/activity-modal.tsx(240,56): error TS2322: Type '{ color: string; }' is not assignable to type 'never'.
src/components/ui/animated-flag-background.tsx(29,29): error TS2554: Expected 1 arguments, but got 0.
src/components/ui/animated-flags-background.tsx(47,6): error TS2322: Type 'T | undefined' is not assignable to type 'T'.
  'T' could be instantiated with an arbitrary type which could be unrelated to 'T | undefined'.
src/components/ui/animated-flags-background.tsx(47,19): error TS2322: Type 'T | undefined' is not assignable to type 'T'.
  'T' could be instantiated with an arbitrary type which could be unrelated to 'T | undefined'.
src/components/ui/animated-flags-background.tsx(191,12): error TS2532: Object is possibly 'undefined'.
src/components/ui/animated-flags-background.tsx(261,9): error TS2322: Type '{ animate: { y: number[]; x: number[]; rotate: number[]; transition: { duration: number; ease: string; repeat: number; delay: number; }; }; }' is not assignable to type 'Variants'.
  Property 'animate' is incompatible with index signature.
    Type '{ y: number[]; x: number[]; rotate: number[]; transition: { duration: number; ease: string; repeat: number; delay: number; }; }' is not assignable to type 'Variant'.
      Type '{ y: number[]; x: number[]; rotate: number[]; transition: { duration: number; ease: string; repeat: number; delay: number; }; }' is not assignable to type 'TargetAndTransition'.
        Type '{ y: number[]; x: number[]; rotate: number[]; transition: { duration: number; ease: string; repeat: number; delay: number; }; }' is not assignable to type '{ transition?: Transition<any> | undefined; transitionEnd?: ResolvedValues | undefined; }'.
          Types of property 'transition' are incompatible.
            Type '{ duration: number; ease: string; repeat: number; delay: number; }' is not assignable to type 'Transition<any> | undefined'.
              Type '{ duration: number; ease: string; repeat: number; delay: number; }' is not assignable to type 'TransitionWithValueOverrides<any>'.
                Type '{ duration: number; ease: string; repeat: number; delay: number; }' is not assignable to type 'ValueAnimationTransition<any>'.
                  Types of property 'ease' are incompatible.
                    Type 'string' is not assignable to type 'Easing | Easing[] | undefined'.
src/components/ui/animated-flags-background.tsx(269,11): error TS2322: Type '{ animate: { opacity: number[]; scale: number[]; transition: { duration: number; ease: string; repeat: number; delay: number; }; }; }' is not assignable to type 'Variants'.
  Property 'animate' is incompatible with index signature.
    Type '{ opacity: number[]; scale: number[]; transition: { duration: number; ease: string; repeat: number; delay: number; }; }' is not assignable to type 'Variant'.
      Type '{ opacity: number[]; scale: number[]; transition: { duration: number; ease: string; repeat: number; delay: number; }; }' is not assignable to type 'TargetAndTransition'.
        Type '{ opacity: number[]; scale: number[]; transition: { duration: number; ease: string; repeat: number; delay: number; }; }' is not assignable to type '{ transition?: Transition<any> | undefined; transitionEnd?: ResolvedValues | undefined; }'.
          Types of property 'transition' are incompatible.
            Type '{ duration: number; ease: string; repeat: number; delay: number; }' is not assignable to type 'Transition<any> | undefined'.
              Type '{ duration: number; ease: string; repeat: number; delay: number; }' is not assignable to type 'TransitionWithValueOverrides<any>'.
                Type '{ duration: number; ease: string; repeat: number; delay: number; }' is not assignable to type 'ValueAnimationTransition<any>'.
                  Types of property 'ease' are incompatible.
                    Type 'string' is not assignable to type 'Easing | Easing[] | undefined'.
src/components/ui/apple-cards-carousel.tsx(16,17): error TS1484: 'ImageProps' is a type and must be imported using a type-only import when 'verbatimModuleSyntax' is enabled.
src/components/ui/apple-cards-carousel.tsx(20,10): error TS2503: Cannot find namespace 'JSX'.
src/components/ui/apple-cards-carousel.tsx(124,21): error TS2322: Type '{ opacity: number; y: number; transition: { duration: number; delay: number; ease: "easeOut"; once: true; }; }' is not assignable to type 'boolean | LegacyAnimationControls | TargetAndTransition | VariantLabels | undefined'.
  Types of property 'transition' are incompatible.
    Object literal may only specify known properties, and 'once' does not exist in type 'Transition<any>'.
src/components/ui/apple-cards-carousel.tsx(186,19): error TS2345: Argument of type 'RefObject<HTMLDivElement | null>' is not assignable to parameter of type 'RefObject<HTMLDivElement>'.
  Type 'HTMLDivElement | null' is not assignable to type 'HTMLDivElement'.
    Type 'null' is not assignable to type 'HTMLDivElement'.
src/components/ui/calendar.tsx(63,9): error TS2353: Object literal may only specify known properties, and 'IconLeft' does not exist in type 'Partial<CustomComponents>'.
src/components/ui/calendar.tsx(63,22): error TS7031: Binding element 'className' implicitly has an 'any' type.
src/components/ui/calendar.tsx(66,23): error TS7031: Binding element 'className' implicitly has an 'any' type.
src/components/ui/chart.tsx(107,3): error TS2339: Property 'payload' does not exist on type 'Omit<Props<ValueType, NameType>, PropertiesReadFromContext> & { active?: boolean | undefined; includeHidden?: boolean | undefined; ... 17 more ...; axisId?: AxisId | undefined; } & ClassAttributes<...> & HTMLAttributes<...> & { ...; }'.
src/components/ui/chart.tsx(112,3): error TS2339: Property 'label' does not exist on type 'Omit<Props<ValueType, NameType>, PropertiesReadFromContext> & { active?: boolean | undefined; includeHidden?: boolean | undefined; ... 17 more ...; axisId?: AxisId | undefined; } & ClassAttributes<...> & HTMLAttributes<...> & { ...; }'.
src/components/ui/chart.tsx(180,23): error TS7006: Parameter 'item' implicitly has an 'any' type.
src/components/ui/chart.tsx(180,29): error TS7006: Parameter 'index' implicitly has an 'any' type.
src/components/ui/chart.tsx(258,39): error TS2344: Type '"verticalAlign" | "payload"' does not satisfy the constraint '"string" | "name" | "version" | "href" | "onMouseEnter" | "onTouchStart" | "onClick" | "media" | "target" | "type" | "suppressHydrationWarning" | "className" | "id" | "lang" | ... 432 more ... | "portal"'.
  Type '"payload"' is not assignable to type '"string" | "name" | "version" | "href" | "onMouseEnter" | "onTouchStart" | "onClick" | "media" | "target" | "type" | "suppressHydrationWarning" | "className" | "id" | "lang" | ... 432 more ... | "portal"'.
src/components/ui/chart.tsx(264,17): error TS2339: Property 'length' does not exist on type '{}'.
src/components/ui/chart.tsx(276,16): error TS2339: Property 'map' does not exist on type '{}'.
src/components/ui/chart.tsx(276,21): error TS7006: Parameter 'item' implicitly has an 'any' type.
src/components/ui/chart.tsx(276,27): error TS7006: Parameter 'index' implicitly has an 'any' type.
src/components/ui/container-text-flip.tsx(6,20): error TS2307: Cannot find module '/utils/cn' or its corresponding type declarations.
src/components/ui/container-text-flip.tsx(82,12): error TS2532: Object is possibly 'undefined'.
src/components/ui/enhanced-rubiks-cube.tsx(60,9): error TS2322: Type 'CountryData | undefined' is not assignable to type 'CountryData'.
  Type 'undefined' is not assignable to type 'CountryData'.
src/components/ui/enhanced-rubiks-cube.tsx(88,16): error TS2345: Argument of type '(prevCubes: FlagCube[]) => { country: CountryData | undefined; rotation: { x: number; y: number; z: number; }; id: string; position: { x: number; y: number; z: number; }; }[]' is not assignable to parameter of type 'SetStateAction<FlagCube[]>'.
  Type '(prevCubes: FlagCube[]) => { country: CountryData | undefined; rotation: { x: number; y: number; z: number; }; id: string; position: { x: number; y: number; z: number; }; }[]' is not assignable to type '(prevState: FlagCube[]) => FlagCube[]'.
    Type '{ country: CountryData | undefined; rotation: { x: number; y: number; z: number; }; id: string; position: { x: number; y: number; z: number; }; }[]' is not assignable to type 'FlagCube[]'.
      Type '{ country: CountryData | undefined; rotation: { x: number; y: number; z: number; }; id: string; position: { x: number; y: number; z: number; }; }' is not assignable to type 'FlagCube'.
        Types of property 'country' are incompatible.
          Type 'CountryData | undefined' is not assignable to type 'CountryData'.
            Type 'undefined' is not assignable to type 'CountryData'.
src/components/ui/enhanced-rubiks-cube.tsx(195,17): error TS2322: Type '{ idle: (custom: FlagCube) => { x: number; y: number; z: number; rotateX: number; rotateY: number; rotateZ: number; scale: number; }; animating: (custom: FlagCube) => { x: number; y: number; z: number; rotateX: number; rotateY: number; rotateZ: number; scale: number; }; hover: { ...; }; }' is not assignable to type 'Variants'.
  Property 'hover' is incompatible with index signature.
    Type '{ scale: number; rotateY: number; transition: { duration: number; ease: string; }; }' is not assignable to type 'Variant'.
      Type '{ scale: number; rotateY: number; transition: { duration: number; ease: string; }; }' is not assignable to type 'TargetAndTransition'.
        Type '{ scale: number; rotateY: number; transition: { duration: number; ease: string; }; }' is not assignable to type '{ transition?: Transition<any> | undefined; transitionEnd?: ResolvedValues | undefined; }'.
          Types of property 'transition' are incompatible.
            Type '{ duration: number; ease: string; }' is not assignable to type 'Transition<any> | undefined'.
              Type '{ duration: number; ease: string; }' is not assignable to type 'TransitionWithValueOverrides<any>'.
                Type '{ duration: number; ease: string; }' is not assignable to type 'ValueAnimationTransition<any>'.
                  Types of property 'ease' are incompatible.
                    Type 'string' is not assignable to type 'Easing | Easing[] | undefined'.
src/components/ui/enhanced-tooltip.tsx(54,22): error TS2554: Expected 1 arguments, but got 0.
src/components/ui/file-upload.tsx(1,20): error TS2307: Cannot find module '/lib/utils' or its corresponding type declarations.
src/components/ui/flag-grid-pattern.tsx(49,9): error TS2322: Type 'CountryData | undefined' is not assignable to type 'CountryData'.
  Type 'undefined' is not assignable to type 'CountryData'.
src/components/ui/flag-grid-pattern.tsx(70,28): error TS2345: Argument of type 'number | undefined' is not assignable to parameter of type 'SetStateAction<number | null>'.
  Type 'undefined' is not assignable to type 'SetStateAction<number | null>'.
src/components/ui/flag-grid-pattern.tsx(75,22): error TS2538: Type 'undefined' cannot be used as an index type.
src/components/ui/flag-grid-pattern.tsx(76,31): error TS2538: Type 'undefined' cannot be used as an index type.
src/components/ui/flag-grid-pattern.tsx(78,29): error TS2538: Type 'undefined' cannot be used as an index type.
src/components/ui/flag-grid-pattern.tsx(81,22): error TS2538: Type 'undefined' cannot be used as an index type.
src/components/ui/flag-interactive-grid.tsx(57,9): error TS2322: Type 'CountryData | undefined' is not assignable to type 'CountryData'.
  Type 'undefined' is not assignable to type 'CountryData'.
src/components/ui/flip-words.tsx(20,38): error TS2345: Argument of type 'string | undefined' is not assignable to parameter of type 'string'.
  Type 'undefined' is not assignable to type 'string'.
src/components/ui/flip-words.tsx(67,10): error TS18048: 'currentWord' is possibly 'undefined'.
src/components/ui/glass-button.tsx(103,6): error TS2322: Type '{ children: (false | Element)[]; form?: string | undefined; formAction?: string | ((formData: FormData) => void | Promise<void>) | undefined; formEncType?: string | undefined; ... 287 more ...; disabled: boolean | undefined; }' is not assignable to type 'Omit<HTMLMotionProps<"button">, "ref">'.
  Types of property 'onDrag' are incompatible.
    Type 'DragEventHandler<HTMLButtonElement> | undefined' is not assignable to type '((event: MouseEvent | TouchEvent | PointerEvent, info: PanInfo) => void) | undefined'.
      Type 'DragEventHandler<HTMLButtonElement>' is not assignable to type '(event: MouseEvent | TouchEvent | PointerEvent, info: PanInfo) => void'.
        Types of parameters 'event' and 'event' are incompatible.
          Type 'MouseEvent | TouchEvent | PointerEvent' is not assignable to type 'DragEvent<HTMLButtonElement>'.
            Type 'MouseEvent' is missing the following properties from type 'DragEvent<HTMLButtonElement>': dataTransfer, nativeEvent, isDefaultPrevented, isPropagationStopped, persist
src/components/ui/glass-button.tsx(184,60): error TS2532: Object is possibly 'undefined'.
src/components/ui/glass-container.tsx(61,65): error TS2345: Argument of type 'string | undefined' is not assignable to parameter of type 'string'.
  Type 'undefined' is not assignable to type 'string'.
src/components/ui/glass-container.tsx(61,90): error TS2345: Argument of type 'string | undefined' is not assignable to parameter of type 'string'.
  Type 'undefined' is not assignable to type 'string'.
src/components/ui/glass-container.tsx(97,22): error TS2345: Argument of type 'MouseEvent<Element, MouseEvent>' is not assignable to parameter of type 'MouseEvent<HTMLDivElement, MouseEvent>'.
  Type 'Element' is missing the following properties from type 'HTMLDivElement': align, accessKey, accessKeyLabel, autocapitalize, and 128 more.
src/components/ui/glass-container.tsx(99,17): error TS2345: Argument of type 'FocusEvent<Element, Element>' is not assignable to parameter of type 'FocusEvent<HTMLDivElement, Element>'.
  Type 'Element' is missing the following properties from type 'HTMLDivElement': align, accessKey, accessKeyLabel, autocapitalize, and 128 more.
src/components/ui/glass-container.tsx(113,22): error TS2345: Argument of type 'MouseEvent<Element, MouseEvent>' is not assignable to parameter of type 'MouseEvent<HTMLDivElement, MouseEvent>'.
  Type 'Element' is missing the following properties from type 'HTMLDivElement': align, accessKey, accessKeyLabel, autocapitalize, and 128 more.
src/components/ui/glass-container.tsx(115,16): error TS2345: Argument of type 'FocusEvent<Element, Element>' is not assignable to parameter of type 'FocusEvent<HTMLDivElement, Element>'.
  Type 'Element' is missing the following properties from type 'HTMLDivElement': align, accessKey, accessKeyLabel, autocapitalize, and 128 more.
src/components/ui/glass-container.tsx(126,17): error TS2345: Argument of type 'MouseEvent<Element, MouseEvent>' is not assignable to parameter of type 'MouseEvent<HTMLDivElement, MouseEvent>'.
  Type 'Element' is missing the following properties from type 'HTMLDivElement': align, accessKey, accessKeyLabel, autocapitalize, and 128 more.
src/components/ui/hover-border-gradient.tsx(35,5): error TS2322: Type 'Direction | undefined' is not assignable to type 'Direction'.
  Type 'undefined' is not assignable to type 'Direction'.
src/components/ui/hover-border-gradient.tsx(59,6): error TS2746: This JSX tag's 'children' prop expects a single child of type 'never', but multiple children were provided.
src/components/ui/hover-border-gradient.tsx(60,7): error TS2322: Type '(event: React.MouseEvent<HTMLDivElement>) => void' is not assignable to type 'never'.
src/components/ui/hover-border-gradient.tsx(63,7): error TS2322: Type '() => void' is not assignable to type 'never'.
src/components/ui/hover-border-gradient.tsx(64,7): error TS2322: Type 'string' is not assignable to type 'never'.
src/components/ui/layout-grid.tsx(8,12): error TS2503: Cannot find namespace 'JSX'.
src/components/ui/loader.tsx(24,9): error TS2322: Type '{ duration: number; repeat: number; repeatType: "loop"; delay: number; ease: string; }' is not assignable to type 'Transition<any> | undefined'.
  Type '{ duration: number; repeat: number; repeatType: "loop"; delay: number; ease: string; }' is not assignable to type 'TransitionWithValueOverrides<any>'.
    Type '{ duration: number; repeat: number; repeatType: "loop"; delay: number; ease: string; }' is not assignable to type 'ValueAnimationTransition<any>'.
      Types of property 'ease' are incompatible.
        Type 'string' is not assignable to type 'Easing | Easing[] | undefined'.
src/components/ui/loader.tsx(34,9): error TS2322: Type '{ duration: number; repeat: number; repeatType: "loop"; delay: number; ease: string; }' is not assignable to type 'Transition<any> | undefined'.
  Type '{ duration: number; repeat: number; repeatType: "loop"; delay: number; ease: string; }' is not assignable to type 'TransitionWithValueOverrides<any>'.
    Type '{ duration: number; repeat: number; repeatType: "loop"; delay: number; ease: string; }' is not assignable to type 'ValueAnimationTransition<any>'.
      Types of property 'ease' are incompatible.
        Type 'string' is not assignable to type 'Easing | Easing[] | undefined'.
src/components/ui/loader.tsx(44,9): error TS2322: Type '{ duration: number; repeat: number; repeatType: "loop"; delay: number; ease: string; }' is not assignable to type 'Transition<any> | undefined'.
  Type '{ duration: number; repeat: number; repeatType: "loop"; delay: number; ease: string; }' is not assignable to type 'TransitionWithValueOverrides<any>'.
    Type '{ duration: number; repeat: number; repeatType: "loop"; delay: number; ease: string; }' is not assignable to type 'ValueAnimationTransition<any>'.
      Types of property 'ease' are incompatible.
        Type 'string' is not assignable to type 'Easing | Easing[] | undefined'.
src/components/ui/loader.tsx(64,9): error TS2322: Type '{ duration: number; repeat: number; repeatType: "loop"; delay: number; ease: string; }' is not assignable to type 'Transition<any> | undefined'.
  Type '{ duration: number; repeat: number; repeatType: "loop"; delay: number; ease: string; }' is not assignable to type 'TransitionWithValueOverrides<any>'.
    Type '{ duration: number; repeat: number; repeatType: "loop"; delay: number; ease: string; }' is not assignable to type 'ValueAnimationTransition<any>'.
      Types of property 'ease' are incompatible.
        Type 'string' is not assignable to type 'Easing | Easing[] | undefined'.
src/components/ui/loader.tsx(80,9): error TS2322: Type '{ duration: number; repeat: number; repeatType: "loop"; delay: number; ease: string; }' is not assignable to type 'Transition<any> | undefined'.
  Type '{ duration: number; repeat: number; repeatType: "loop"; delay: number; ease: string; }' is not assignable to type 'TransitionWithValueOverrides<any>'.
    Type '{ duration: number; repeat: number; repeatType: "loop"; delay: number; ease: string; }' is not assignable to type 'ValueAnimationTransition<any>'.
      Types of property 'ease' are incompatible.
        Type 'string' is not assignable to type 'Easing | Easing[] | undefined'.
src/components/ui/loader.tsx(90,9): error TS2322: Type '{ duration: number; repeat: number; repeatType: "loop"; delay: number; ease: string; }' is not assignable to type 'Transition<any> | undefined'.
  Type '{ duration: number; repeat: number; repeatType: "loop"; delay: number; ease: string; }' is not assignable to type 'TransitionWithValueOverrides<any>'.
    Type '{ duration: number; repeat: number; repeatType: "loop"; delay: number; ease: string; }' is not assignable to type 'ValueAnimationTransition<any>'.
      Types of property 'ease' are incompatible.
        Type 'string' is not assignable to type 'Easing | Easing[] | undefined'.
src/components/ui/loader.tsx(132,11): error TS2353: Object literal may only specify known properties, and 'skew' does not exist in type 'string[] | LegacyAnimationControls | TargetAndTransition'.
src/components/ui/moving-border.tsx(85,19): error TS2554: Expected 1 arguments, but got 0.
src/components/ui/number-flow.tsx(28,9): error TS2304: Cannot find name 'safeValue'.
src/components/ui/number-flow.tsx(29,9): error TS2304: Cannot find name 'safeValue'.
src/components/ui/number-flow.tsx(30,9): error TS2304: Cannot find name 'safeValue'.
src/components/ui/path-glare-card.tsx(16,26): error TS2554: Expected 1 arguments, but got 0.
src/components/ui/path-glare-card.tsx(168,11): error TS2322: Type 'undefined' is not assignable to type 'number'.
src/components/ui/popover.tsx(59,25): error TS2339: Property 'includes' does not exist on type 'string | ((state: State) => string)'.
  Property 'includes' does not exist on type '(state: State) => string'.
src/components/ui/random-flag-grid.tsx(59,9): error TS2322: Type 'CountryData | undefined' is not assignable to type 'CountryData'.
  Type 'undefined' is not assignable to type 'CountryData'.
src/components/ui/random-flag-grid.tsx(98,15): error TS2538: Type 'undefined' cannot be used as an index type.
src/components/ui/random-flag-grid.tsx(99,20): error TS2538: Type 'undefined' cannot be used as an index type.
src/components/ui/random-flag-grid.tsx(104,28): error TS2345: Argument of type 'number | undefined' is not assignable to parameter of type 'SetStateAction<number | null>'.
  Type 'undefined' is not assignable to type 'SetStateAction<number | null>'.
src/components/ui/random-flag-grid.tsx(105,26): error TS2345: Argument of type '(prev: Set<number>) => Set<number | undefined>' is not assignable to parameter of type 'SetStateAction<Set<number>>'.
  Type '(prev: Set<number>) => Set<number | undefined>' is not assignable to type '(prevState: Set<number>) => Set<number>'.
    Type 'Set<number | undefined>' is not assignable to type 'Set<number>'.
      Type 'number | undefined' is not assignable to type 'number'.
        Type 'undefined' is not assignable to type 'number'.
src/components/ui/random-flag-grid.tsx(116,25): error TS2345: Argument of type 'number | undefined' is not assignable to parameter of type 'number'.
  Type 'undefined' is not assignable to type 'number'.
src/components/ui/resizable-navbar.tsx(2,20): error TS2307: Cannot find module '/lib/utils' or its corresponding type declarations.
src/components/ui/resizable-navbar.tsx(280,6): error TS2745: This JSX tag's 'children' prop expects type 'never' which requires multiple children, but only a single child was provided.
src/components/ui/resizable-navbar.tsx(281,7): error TS2322: Type 'string | undefined' is not assignable to type 'never'.
  Type 'undefined' is not assignable to type 'never'.
src/components/ui/resizable-navbar.tsx(282,7): error TS2322: Type 'any' is not assignable to type 'never'.
src/components/ui/rubiks-cube-flags.tsx(58,9): error TS2532: Object is possibly 'undefined'.
src/components/ui/rubiks-cube-flags.tsx(58,9): error TS2322: Type 'CountryData | undefined' is not assignable to type 'CountryData'.
  Type 'undefined' is not assignable to type 'CountryData'.
src/components/ui/rubiks-cube-flags.tsx(69,23): error TS2488: Type 'CountryData[] | undefined' must have a '[Symbol.iterator]()' method that returns an iterator.
src/components/ui/rubiks-cube-flags.tsx(104,9): error TS2532: Object is possibly 'undefined'.
src/components/ui/rubiks-cube-flags.tsx(104,9): error TS2322: Type 'CountryData | undefined' is not assignable to type 'CountryData'.
  Type 'undefined' is not assignable to type 'CountryData'.
src/components/ui/text-reveal.tsx(95,13): error TS2322: Type 'number' is not assignable to type 'boolean | TargetAndTransition | VariantLabels | undefined'.
src/components/ui/text-reveal.tsx(96,13): error TS2322: Type 'number' is not assignable to type 'boolean | LegacyAnimationControls | TargetAndTransition | VariantLabels | undefined'.
src/components/ui/waving-flag.tsx(88,9): error TS2322: Type '{ rest: { rotateY: number; rotateX: number; scaleX: number; scaleY: number; skewX: number; x: number; y: number; transition: { duration: number; ease: number[]; }; }; ripple: { rotateY: number[]; rotateX: number[]; ... 5 more ...; transition: { ...; }; }; }' is not assignable to type 'Variants'.
  Property 'rest' is incompatible with index signature.
    Type '{ rotateY: number; rotateX: number; scaleX: number; scaleY: number; skewX: number; x: number; y: number; transition: { duration: number; ease: number[]; }; }' is not assignable to type 'Variant'.
      Type '{ rotateY: number; rotateX: number; scaleX: number; scaleY: number; skewX: number; x: number; y: number; transition: { duration: number; ease: number[]; }; }' is not assignable to type 'TargetAndTransition'.
        Type '{ rotateY: number; rotateX: number; scaleX: number; scaleY: number; skewX: number; x: number; y: number; transition: { duration: number; ease: number[]; }; }' is not assignable to type '{ transition?: Transition<any> | undefined; transitionEnd?: ResolvedValues | undefined; }'.
          Types of property 'transition' are incompatible.
            Type '{ duration: number; ease: number[]; }' is not assignable to type 'Transition<any> | undefined'.
              Type '{ duration: number; ease: number[]; }' is not assignable to type 'TransitionWithValueOverrides<any>'.
                Type '{ duration: number; ease: number[]; }' is not assignable to type 'ValueAnimationTransition<any>'.
                  Types of property 'ease' are incompatible.
                    Type 'number[]' is not assignable to type 'Easing | Easing[] | undefined'.
                      Type 'number[]' is not assignable to type 'EasingFunction | Easing[]'.
                        Type 'number[]' is not assignable to type 'Easing[]'.
                          Type 'number' is not assignable to type 'Easing'.
src/contexts/IxTimeContext.tsx(3,65): error TS1484: 'ReactNode' is a type and must be imported using a type-only import when 'verbatimModuleSyntax' is enabled.
src/hooks/useDiplomaticUpdates.tsx(127,44): error TS2345: Argument of type '(status: "connecting" | "connected" | "disconnected" | "error") => void' is not assignable to parameter of type '(status: string) => void'.
  Types of parameters 'status' and 'status' are incompatible.
    Type 'string' is not assignable to type '"error" | "disconnected" | "connecting" | "connected"'.
src/hooks/useDiplomaticUpdates.tsx(173,47): error TS2345: Argument of type '(status: "connecting" | "connected" | "disconnected" | "error") => void' is not assignable to parameter of type '(status: string) => void'.
  Types of parameters 'status' and 'status' are incompatible.
    Type 'string' is not assignable to type '"error" | "disconnected" | "connecting" | "connected"'.
src/hooks/useOptimizedIntelligenceData.ts(7,70): error TS2307: Cannot find module '~/types/intelligence' or its corresponding type declarations.
src/hooks/useOptimizedIntelligenceData.ts(45,52): error TS2339: Property 'query' does not exist on type 'DecoratedQuery<{ input: { id: string; timestamp?: number | undefined; }; output: { id: string; name: string; continent: string | null; region: string | null; governmentType: string | null; religion: string | null; ... 17 more ...; dmInputs: any[]; }; transformer: true; errorShape: { ...; }; }>'.
src/hooks/useOptimizedIntelligenceData.ts(47,9): error TS2353: Object literal may only specify known properties, and 'cacheTime' does not exist in type 'UseQueryOptionsForUseQueries<any, Error, any, readonly unknown[]>'.
src/hooks/useOptimizedIntelligenceData.ts(54,49): error TS2339: Property 'query' does not exist on type 'DecoratedQuery<{ input: void; output: (IntelligenceItem & { priority?: string | undefined; content?: string | undefined; relatedCountries?: string[] | undefined; })[]; transformer: true; errorShape: { ...; }; }>'.
src/hooks/useOptimizedIntelligenceData.ts(56,9): error TS2353: Object literal may only specify known properties, and 'cacheTime' does not exist in type 'UseQueryOptionsForUseQueries<any, Error, any, readonly unknown[]>'.
src/hooks/useOptimizedIntelligenceData.ts(65,9): error TS2353: Object literal may only specify known properties, and 'cacheTime' does not exist in type 'UseQueryOptionsForUseQueries<null, Error, null, readonly unknown[]>'.
src/hooks/useOptimizedIntelligenceData.ts(115,9): error TS2353: Object literal may only specify known properties, and 'cacheTime' does not exist in type 'UseQueryOptionsForUseQueries<null, Error, null, readonly unknown[]>'.
src/hooks/useOptimizedIntelligenceData.ts(124,9): error TS2353: Object literal may only specify known properties, and 'cacheTime' does not exist in type 'UseQueryOptionsForUseQueries<null, Error, null, readonly unknown[]>'.
src/hooks/useOptimizedIntelligenceData.ts(133,9): error TS2353: Object literal may only specify known properties, and 'cacheTime' does not exist in type 'UseQueryOptionsForUseQueries<null, Error, null, readonly unknown[]>'.
src/hooks/useOptimizedIntelligenceData.ts(213,5): error TS2769: No overload matches this call.
  Overload 1 of 3, '(options: DefinedInitialDataOptions<unknown, Error, unknown, string[]>, queryClient?: QueryClient | undefined): DefinedUseQueryResult<unknown, Error>', gave the following error.
    Object literal may only specify known properties, and 'cacheTime' does not exist in type 'DefinedInitialDataOptions<unknown, Error, unknown, string[]>'.
  Overload 2 of 3, '(options: UndefinedInitialDataOptions<QueryPerformanceMetrics, Error, QueryPerformanceMetrics, string[]>, queryClient?: QueryClient | undefined): UseQueryResult<...>', gave the following error.
    Object literal may only specify known properties, and 'cacheTime' does not exist in type 'UndefinedInitialDataOptions<QueryPerformanceMetrics, Error, QueryPerformanceMetrics, string[]>'.
  Overload 3 of 3, '(options: UseQueryOptions<QueryPerformanceMetrics, Error, QueryPerformanceMetrics, string[]>, queryClient?: QueryClient | undefined): UseQueryResult<...>', gave the following error.
    Object literal may only specify known properties, and 'cacheTime' does not exist in type 'UseQueryOptions<QueryPerformanceMetrics, Error, QueryPerformanceMetrics, string[]>'.
src/hooks/useThinkPagesWebSocket.ts(3,3): error TS1484: 'ThinkPagesWebSocketEvent' is a type and must be imported using a type-only import when 'verbatimModuleSyntax' is enabled.
src/hooks/useThinkPagesWebSocket.ts(4,3): error TS1484: 'ThinkPagesClientState' is a type and must be imported using a type-only import when 'verbatimModuleSyntax' is enabled.
src/hooks/useThinkPagesWebSocket.ts(5,3): error TS1484: 'ThinkPagesWebSocketHookOptions' is a type and must be imported using a type-only import when 'verbatimModuleSyntax' is enabled.
src/hooks/useThinkPagesWebSocket.ts(6,3): error TS1484: 'PresenceUpdate' is a type and must be imported using a type-only import when 'verbatimModuleSyntax' is enabled.
src/hooks/useThinkPagesWebSocket.ts(7,3): error TS1484: 'TypingIndicator' is a type and must be imported using a type-only import when 'verbatimModuleSyntax' is enabled.
src/hooks/useThinkPagesWebSocket.ts(8,3): error TS1484: 'MessageUpdate' is a type and must be imported using a type-only import when 'verbatimModuleSyntax' is enabled.
src/hooks/useThinkPagesWebSocket.ts(9,3): error TS1484: 'ReadReceipt' is a type and must be imported using a type-only import when 'verbatimModuleSyntax' is enabled.
src/hooks/useThinkPagesWebSocket.ts(143,39): error TS2345: Argument of type 'PresenceUpdate | TypingIndicator | MessageUpdate | GroupUpdate | ConversationUpdate | ReadReceipt' is not assignable to parameter of type 'GroupUpdate'.
  Type 'PresenceUpdate' is missing the following properties from type 'GroupUpdate': type, groupId, data, timestamp
src/hooks/useThinkPagesWebSocket.ts(147,46): error TS2345: Argument of type 'PresenceUpdate | TypingIndicator | MessageUpdate | GroupUpdate | ConversationUpdate | ReadReceipt' is not assignable to parameter of type 'ConversationUpdate'.
  Type 'PresenceUpdate' is missing the following properties from type 'ConversationUpdate': type, conversationId, participants, data, timestamp
src/hooks/useUnifiedNotifications.tsx(106,5): error TS2322: Type 'string | null' is not assignable to type 'string'.
  Type 'null' is not assignable to type 'string'.
src/lib/builder-theme-utils.ts(110,5): error TS2322: Type 'string | undefined' is not assignable to type 'string'.
  Type 'undefined' is not assignable to type 'string'.
src/lib/builder-theme-utils.ts(115,5): error TS2322: Type 'string | undefined' is not assignable to type 'string'.
  Type 'undefined' is not assignable to type 'string'.
src/lib/builder-theme-utils.ts(122,3): error TS2322: Type 'string | undefined' is not assignable to type 'string'.
  Type 'undefined' is not assignable to type 'string'.
src/lib/builder-theme-utils.ts(216,19): error TS2345: Argument of type 'string | undefined' is not assignable to parameter of type 'string'.
  Type 'undefined' is not assignable to type 'string'.
src/lib/builder-theme-utils.ts(223,21): error TS2345: Argument of type 'string | undefined' is not assignable to parameter of type 'string'.
  Type 'undefined' is not assignable to type 'string'.
src/lib/cache-invalidation-service.ts(213,11): error TS2322: Type '"cache-invalidation"' is not assignable to type '"alert" | "new_intelligence" | "vitality_update" | "system_update" | "economic_change"'.
src/lib/economic-calculation-groups.ts(770,46): error TS2341: Property 'groupWeights' is private and only accessible within class 'EconomicCalculationGroups'.
src/lib/economic-calculation-groups.ts(771,47): error TS2341: Property 'groupWeights' is private and only accessible within class 'EconomicCalculationGroups'.
src/lib/economic-calculation-groups.ts(772,48): error TS2341: Property 'groupWeights' is private and only accessible within class 'EconomicCalculationGroups'.
src/lib/economic-calculation-groups.ts(773,49): error TS2341: Property 'groupWeights' is private and only accessible within class 'EconomicCalculationGroups'.
src/lib/economic-calculation-groups.ts(774,49): error TS2341: Property 'groupWeights' is private and only accessible within class 'EconomicCalculationGroups'.
src/lib/economic-data-templates.ts(179,3): error TS2740: Type '{ totalSpending: number; spendingGDPPercent: number; spendingPerCapita: number; deficitSurplus: number; spendingCategories: { category: string; amount: number; percent: number; icon: string; color: string; description: string; }[]; }' is missing the following properties from type 'GovernmentSpendingData': education, healthcare, socialSafety, performanceBasedBudgeting, and 3 more.
src/lib/enhanced-economic-calculations.ts(789,22): error TS18048: 'topProductivityComponent' is possibly 'undefined'.
src/lib/enhanced-economic-calculations.ts(789,132): error TS18048: 'topProductivityComponent' is possibly 'undefined'.
src/lib/enhanced-economic-service.ts(11,3): error TS2305: Module '"../types/ixstats"' has no exported member 'EconomyData'.
src/lib/enhanced-economic-service.ts(16,3): error TS2614: Module '"./intuitive-economic-analysis"' has no exported member 'ComprehensiveEconomicAnalysis'. Did you mean to use 'import ComprehensiveEconomicAnalysis from "./intuitive-economic-analysis"' instead?
src/lib/enhanced-economic-service.ts(88,57): error TS2551: Property 'countryId' does not exist on type 'CountryStats'. Did you mean 'country'?
src/lib/enhanced-economic-service.ts(138,9): error TS2322: Type '{ summary: null; insights: null; story: null; benchmarking: null; simulation: null; } | { summary: EconomicHealthSummary; insights: ActionableInsights; story: EconomicStory; benchmarking: EconomicBenchmarking; simulation: EconomicSimulation; }' is not assignable to type '{ summary: EconomicHealthSummary; insights: ActionableInsights; story: EconomicStory; benchmarking: EconomicBenchmarking; simulation: EconomicSimulation; }'.
  Type '{ summary: null; insights: null; story: null; benchmarking: null; simulation: null; }' is not assignable to type '{ summary: EconomicHealthSummary; insights: ActionableInsights; story: EconomicStory; benchmarking: EconomicBenchmarking; simulation: EconomicSimulation; }'.
    Types of property 'summary' are incompatible.
      Type 'null' is not assignable to type 'EconomicHealthSummary'.
src/lib/enhanced-economic-service.ts(142,50): error TS2339: Property 'epoch' does not exist on type 'number'.
src/lib/enhanced-economic-service.ts(156,52): error TS18046: 'error' is of type 'unknown'.
src/lib/enhanced-economic-service.ts(199,52): error TS2551: Property 'currentTotalPopulation' does not exist on type 'CountryStats'. Did you mean 'currentPopulation'?
src/lib/flag-color-analysis.ts(71,21): error TS2532: Object is possibly 'undefined'.
src/lib/flag-color-analysis.ts(72,21): error TS2532: Object is possibly 'undefined'.
src/lib/flag-color-analysis.ts(73,21): error TS2532: Object is possibly 'undefined'.
src/lib/flag-color-analysis.ts(74,21): error TS2532: Object is possibly 'undefined'.
src/lib/intelligence-broadcast-service.ts(132,13): error TS2322: Type 'number' is not assignable to type 'string | Date | FieldRef<"Country", "DateTime"> | undefined'.
src/lib/intelligence-broadcast-service.ts(144,41): error TS2345: Argument of type '{ name: string; id: string; createdAt: Date; updatedAt: Date; continent: string | null; region: string | null; governmentType: string | null; religion: string | null; leader: string | null; ... 54 more ...; baselineDate: Date; }' is not assignable to parameter of type '{ name: string; id: string; createdAt: Date; updatedAt: Date; continent: string | null; region: string | null; governmentType: string | null; religion: string | null; leader: string | null; ... 54 more ...; baselineDate: Date; } & { ...; }'.
  Property 'historicalData' is missing in type '{ name: string; id: string; createdAt: Date; updatedAt: Date; continent: string | null; region: string | null; governmentType: string | null; religion: string | null; leader: string | null; ... 54 more ...; baselineDate: Date; }' but required in type '{ historicalData: { [key: string]: unknown; gdpPerCapita?: number | undefined; population?: number | undefined; }[]; }'.
src/lib/intelligence-broadcast-service.ts(166,25): error TS2339: Property 'economicVitality' does not exist on type '{ name: string; id: string; createdAt: Date; updatedAt: Date; continent: string | null; region: string | null; governmentType: string | null; religion: string | null; leader: string | null; ... 54 more ...; baselineDate: Date; } & { ...; }'.
src/lib/intelligence-broadcast-service.ts(167,27): error TS2339: Property 'populationWellbeing' does not exist on type '{ name: string; id: string; createdAt: Date; updatedAt: Date; continent: string | null; region: string | null; governmentType: string | null; religion: string | null; leader: string | null; ... 54 more ...; baselineDate: Date; } & { ...; }'.
src/lib/intelligence-broadcast-service.ts(168,27): error TS2339: Property 'diplomaticStanding' does not exist on type '{ name: string; id: string; createdAt: Date; updatedAt: Date; continent: string | null; region: string | null; governmentType: string | null; religion: string | null; leader: string | null; ... 54 more ...; baselineDate: Date; } & { ...; }'.
src/lib/intelligence-broadcast-service.ts(169,27): error TS2339: Property 'governmentalEfficiency' does not exist on type '{ name: string; id: string; createdAt: Date; updatedAt: Date; continent: string | null; region: string | null; governmentType: string | null; religion: string | null; leader: string | null; ... 54 more ...; baselineDate: Date; } & { ...; }'.
src/lib/intelligence-broadcast-service.ts(195,29): error TS2339: Property 'economicVitality' does not exist on type '{ name: string; id: string; createdAt: Date; updatedAt: Date; continent: string | null; region: string | null; governmentType: string | null; religion: string | null; leader: string | null; ... 54 more ...; baselineDate: Date; } & { ...; }'.
src/lib/intelligence-broadcast-service.ts(196,31): error TS2339: Property 'populationWellbeing' does not exist on type '{ name: string; id: string; createdAt: Date; updatedAt: Date; continent: string | null; region: string | null; governmentType: string | null; religion: string | null; leader: string | null; ... 54 more ...; baselineDate: Date; } & { ...; }'.
src/lib/intelligence-broadcast-service.ts(197,31): error TS2339: Property 'diplomaticStanding' does not exist on type '{ name: string; id: string; createdAt: Date; updatedAt: Date; continent: string | null; region: string | null; governmentType: string | null; religion: string | null; leader: string | null; ... 54 more ...; baselineDate: Date; } & { ...; }'.
src/lib/intelligence-broadcast-service.ts(198,31): error TS2339: Property 'governmentalEfficiency' does not exist on type '{ name: string; id: string; createdAt: Date; updatedAt: Date; continent: string | null; region: string | null; governmentType: string | null; religion: string | null; leader: string | null; ... 54 more ...; baselineDate: Date; } & { ...; }'.
src/lib/intelligence-broadcast-service.ts(325,13): error TS2322: Type 'number' is not assignable to type 'string | Date | FieldRef<"IntelligenceItem", "DateTime"> | undefined'.
src/lib/intelligence-broadcast-service.ts(388,30): error TS2322: Type 'number' is not assignable to type 'string | Date | FieldRef<"HistoricalDataPoint", "DateTime"> | undefined'.
src/lib/intuitive-economic-analysis.ts(207,54): error TS2339: Property 'analyzeCountry' does not exist on type 'EnhancedEconomicCalculator'.
src/lib/intuitive-economic-analysis.ts(897,5): error TS2322: Type '(string | undefined)[]' is not assignable to type 'string[]'.
  Type 'string | undefined' is not assignable to type 'string'.
    Type 'undefined' is not assignable to type 'string'.
src/lib/intuitive-economic-analysis.ts(907,5): error TS2322: Type '(string | undefined)[]' is not assignable to type 'string[]'.
  Type 'string | undefined' is not assignable to type 'string'.
    Type 'undefined' is not assignable to type 'string'.
src/lib/intuitive-economic-analysis.ts(917,11): error TS7034: Variable 'actions' implicitly has type 'any[]' in some locations where its type cannot be determined.
src/lib/intuitive-economic-analysis.ts(924,33): error TS18048: 'groupName' is possibly 'undefined'.
src/lib/intuitive-economic-analysis.ts(930,12): error TS7005: Variable 'actions' implicitly has an 'any[]' type.
src/lib/number-utils.ts(16,11): error TS2304: Cannot find name 'TrendDirection'.
src/lib/performance-monitor.tsx(423,7): error TS2686: 'React' refers to a UMD global, but the current file is a module. Consider adding an import instead.
src/lib/performance-monitor.tsx(442,23): error TS2686: 'React' refers to a UMD global, but the current file is a module. Consider adding an import instead.
src/lib/performance-monitor.tsx(442,29): error TS2554: Expected 1 arguments, but got 0.
src/lib/performance-monitor.tsx(444,30): error TS2686: 'React' refers to a UMD global, but the current file is a module. Consider adding an import instead.
src/lib/performance-monitor.tsx(448,28): error TS2686: 'React' refers to a UMD global, but the current file is a module. Consider adding an import instead.
src/lib/performance-monitor.tsx(452,9): error TS2322: Type 'undefined' is not assignable to type 'number'.
src/lib/predictive-analytics-engine.ts(446,62): error TS2304: Cannot find name 'historical'.
src/lib/predictive-analytics-engine.ts(446,73): error TS2304: Cannot find name 'historical'.
src/lib/predictive-analytics-engine.ts(446,115): error TS2304: Cannot find name 'historical'.
src/lib/predictive-analytics-engine.ts(446,126): error TS2304: Cannot find name 'historical'.
src/lib/predictive-analytics-engine.ts(586,27): error TS2532: Object is possibly 'undefined'.
src/lib/predictive-analytics-engine.ts(587,29): error TS2532: Object is possibly 'undefined'.
src/lib/sentiment-analysis.ts(1,10): error TS1484: 'ThinkpagesPost' is a type and must be imported using a type-only import when 'verbatimModuleSyntax' is enabled.
src/lib/sentiment-analysis.ts(1,26): error TS1484: 'PostReaction' is a type and must be imported using a type-only import when 'verbatimModuleSyntax' is enabled.
src/lib/social-profile-transformer.ts(69,5): error TS2322: Type '{ id: string; name: string; flagUrl: string; unsplashImageUrl: string; continent?: string; region?: string; governmentType?: string; leader?: string; religion?: string; capital?: string; lastCalculated?: string | ... 2 more ... | undefined; ... 29 more ...; analytics?: { visits?: number; riskFlags?: string[]; }; }' is not assignable to type 'EnhancedCountryProfileData'.
  Types of property 'lastCalculated' are incompatible.
    Type 'string | number | Date | undefined' is not assignable to type 'string | undefined'.
      Type 'number' is not assignable to type 'string'.
src/lib/social-profile-transformer.ts(97,63): error TS2339: Property 'fromTimestamp' does not exist on type 'typeof IxTime'.
src/lib/social-profile-transformer.ts(97,136): error TS2345: Argument of type 'Date' is not assignable to parameter of type 'number'.
src/lib/transformers/interface-adapters.ts(159,10): error TS2347: Untyped function calls may not accept type arguments.
src/lib/validation-schemas.ts(128,33): error TS2724: '"/ixwiki/public/projects/ixstats/node_modules/zod/v4/classic/external"' has no exported member named 'SafeParseSuccess'. Did you mean 'ZodSafeParseSuccess'?
src/lib/websocket/intelligence-websocket-client.ts(4,10): error TS2305: Module '"socket.io-client"' has no exported member 'io'.
src/lib/websocket/intelligence-websocket-client.ts(14,19): error TS2749: 'Socket' refers to a value, but is being used as a type here. Did you mean 'typeof Socket'?
src/server/api/routers/archetypes.ts(343,11): error TS2322: Type '{ filterRules?: string | Record<string, any> | undefined; tags?: string | string[] | undefined; categoryId?: string | undefined; name?: string | undefined; description?: string | undefined; ... 5 more ...; isActive?: boolean | undefined; }' is not assignable to type '(Without<ArchetypeUpdateInput, ArchetypeUncheckedUpdateInput> & ArchetypeUncheckedUpdateInput) | (Without<...> & ArchetypeUpdateInput)'.
  Type '{ filterRules?: string | Record<string, any> | undefined; tags?: string | string[] | undefined; categoryId?: string | undefined; name?: string | undefined; description?: string | undefined; ... 5 more ...; isActive?: boolean | undefined; }' is not assignable to type 'Without<ArchetypeUncheckedUpdateInput, ArchetypeUpdateInput> & ArchetypeUpdateInput'.
    Type '{ filterRules?: string | Record<string, any> | undefined; tags?: string | string[] | undefined; categoryId?: string | undefined; name?: string | undefined; description?: string | undefined; ... 5 more ...; isActive?: boolean | undefined; }' is not assignable to type 'Without<ArchetypeUncheckedUpdateInput, ArchetypeUpdateInput>'.
      Types of property 'categoryId' are incompatible.
        Type 'string | undefined' is not assignable to type 'undefined'.
          Type 'string' is not assignable to type 'undefined'.
src/server/api/routers/diplomatic.ts(682,40): error TS2532: Object is possibly 'undefined'.
src/server/api/routers/diplomatic.ts(964,11): error TS2353: Object literal may only specify known properties, and 'lastActivity' does not exist in type '(Without<DiplomaticRelationUpdateInput, DiplomaticRelationUncheckedUpdateInput> & DiplomaticRelationUncheckedUpdateInput) | (Without<...> & DiplomaticRelationUpdateInput)'.
src/server/api/routers/diplomatic.ts(972,38): error TS2551: Property 'country1Id' does not exist on type '{ id: string; createdAt: Date; updatedAt: Date; culturalExchange: string | null; economicTier: string | null; relationship: string; strength: number; status: string; treaties: string | null; ... 7 more ...; establishedAt: Date; }'. Did you mean 'country1'?
src/server/api/routers/diplomatic.ts(973,38): error TS2551: Property 'country2Id' does not exist on type '{ id: string; createdAt: Date; updatedAt: Date; culturalExchange: string | null; economicTier: string | null; relationship: string; strength: number; status: string; treaties: string | null; ... 7 more ...; establishedAt: Date; }'. Did you mean 'country2'?
src/server/api/routers/diplomatic.ts(998,11): error TS2353: Object literal may only specify known properties, and 'embassies' does not exist in type 'CountryInclude<DefaultArgs>'.
src/server/api/routers/enhanced-economics.ts(214,13): error TS2353: Object literal may only specify known properties, and 'economicData' does not exist in type 'CountryInclude<DefaultArgs>'.
src/server/api/routers/enhanced-economics.ts(237,11): error TS2322: Type 'EconomicTier' is not assignable to type 'import("/ixwiki/public/projects/ixstats/src/types/ixstats").EconomicTier'.
  Type '"emerging"' is not assignable to type 'EconomicTier'.
src/server/api/routers/enhanced-economics.ts(238,11): error TS2322: Type 'PopulationTier' is not assignable to type 'import("/ixwiki/public/projects/ixstats/src/types/ixstats").PopulationTier'.
  Type '"small"' is not assignable to type 'PopulationTier'.
src/server/api/routers/sdi.ts(47,21): error TS2367: This comparison appears to be unintentional because the types 'Priority' and '"critical"' have no overlap.
src/server/api/routers/sdi.ts(47,53): error TS2367: This comparison appears to be unintentional because the types 'Priority' and '"high"' have no overlap.
